app/build/intermediates/manifest_merge_blame_file/debug/manifest-merger-blame-debug-report.txt
1<?xml version="1.0" encoding="utf-8"?>
2<manifest xmlns:android="http://schemas.android.com/apk/res/android"
3    package="app.rjd"
4    android:versionCode="1"
5    android:versionName="1.0" >
6
7    <uses-sdk
7-->src\main\AndroidManifest.xml:6:3-15
8        android:minSdkVersion="21"
8-->src\main\AndroidManifest.xml:6:3-15
9        android:targetSdkVersion="32" />
9-->src\main\AndroidManifest.xml:6:3-15
10
11    <uses-feature android:name="android.hardware.camera" />
11-->src\main\AndroidManifest.xml:8:3-57
11-->src\main\AndroidManifest.xml:8:17-55
12
13    <uses-permission android:name="android.permission.CAMERA" />
13-->src\main\AndroidManifest.xml:9:3-62
13-->src\main\AndroidManifest.xml:9:20-60
14    <uses-permission android:name="android.permission.MANAGE_EXTERNAL_STORAGE" />
14-->src\main\AndroidManifest.xml:10:3-79
14-->src\main\AndroidManifest.xml:10:20-77
15    <uses-permission android:name="android.permission.READ_EXTERNAL_STORAGE" />
15-->src\main\AndroidManifest.xml:11:3-77
15-->src\main\AndroidManifest.xml:11:20-75
16    <uses-permission android:name="android.permission.WRITE_EXTERNAL_STORAGE" />
16-->src\main\AndroidManifest.xml:12:3-78
16-->src\main\AndroidManifest.xml:12:20-76
17    <uses-permission android:name="android.permission.RECORD_AUDIO" />
17-->src\main\AndroidManifest.xml:13:3-68
17-->src\main\AndroidManifest.xml:13:20-66
18    <uses-permission android:name="android.permission.INTERNET" />
18-->src\main\AndroidManifest.xml:14:3-64
18-->src\main\AndroidManifest.xml:14:20-62
19
20    <application
20-->src\main\AndroidManifest.xml:16:3-45:17
21        android:allowBackup="true"
21-->src\main\AndroidManifest.xml:17:11-37
22        android:appComponentFactory="androidx.core.app.CoreComponentFactory"
22-->[androidx.core:core:1.7.0] AndroidManifest.xml:24:18-86
23        android:debuggable="true"
24        android:icon="@mipmap/ic_launcher"
24-->src\main\AndroidManifest.xml:18:11-45
25        android:label="@string/rjd_app_name"
25-->src\main\AndroidManifest.xml:19:11-47
26        android:supportsRtl="true"
26-->src\main\AndroidManifest.xml:20:11-37
27        android:testOnly="true"
28        android:theme="@style/Theme.AppCompat.DayNight"
28-->src\main\AndroidManifest.xml:22:11-58
29        android:usesCleartextTraffic="true" >
29-->src\main\AndroidManifest.xml:23:11-46
30        <provider
31            android:name="androidx.core.content.FileProvider"
31-->src\main\AndroidManifest.xml:25:9-58
32            android:authorities="app.rjd.provider"
32-->src\main\AndroidManifest.xml:26:9-56
33            android:exported="false"
33-->src\main\AndroidManifest.xml:27:9-33
34            android:grantUriPermissions="true" >
34-->src\main\AndroidManifest.xml:28:9-43
35            <meta-data
35-->src\main\AndroidManifest.xml:29:7-31:47
36                android:name="android.support.FILE_PROVIDER_PATHS"
36-->src\main\AndroidManifest.xml:30:11-61
37                android:resource="@xml/file_paths" />
37-->src\main\AndroidManifest.xml:31:11-45
38        </provider>
39
40        <activity
40-->src\main\AndroidManifest.xml:33:5-39:16
41            android:name="rjd.MainActivity"
41-->src\main\AndroidManifest.xml:33:15-46
42            android:exported="true" >
42-->src\main\AndroidManifest.xml:34:15-38
43            <intent-filter>
43-->src\main\AndroidManifest.xml:35:7-38:23
44                <action android:name="android.intent.action.MAIN" />
44-->src\main\AndroidManifest.xml:36:9-60
44-->src\main\AndroidManifest.xml:36:17-58
45
46                <category android:name="android.intent.category.LAUNCHER" />
46-->src\main\AndroidManifest.xml:37:9-68
46-->src\main\AndroidManifest.xml:37:19-66
47            </intent-filter>
48        </activity>
49        <activity
49-->src\main\AndroidManifest.xml:41:5-44:67
50            android:name="com.yalantis.ucrop.UCropActivity"
50-->src\main\AndroidManifest.xml:42:9-56
51            android:screenOrientation="portrait"
51-->src\main\AndroidManifest.xml:43:9-45
52            android:theme="@style/Theme.AppCompat.Light.NoActionBar" />
52-->src\main\AndroidManifest.xml:44:9-65
53
54        <provider
54-->[androidx.emoji2:emoji2:1.0.0] AndroidManifest.xml:26:9-34:20
55            android:name="androidx.startup.InitializationProvider"
55-->[androidx.emoji2:emoji2:1.0.0] AndroidManifest.xml:27:13-67
56            android:authorities="app.rjd.androidx-startup"
56-->[androidx.emoji2:emoji2:1.0.0] AndroidManifest.xml:28:13-68
57            android:exported="false" >
57-->[androidx.emoji2:emoji2:1.0.0] AndroidManifest.xml:29:13-37
58            <meta-data
58-->[androidx.emoji2:emoji2:1.0.0] AndroidManifest.xml:31:13-33:52
59                android:name="androidx.emoji2.text.EmojiCompatInitializer"
59-->[androidx.emoji2:emoji2:1.0.0] AndroidManifest.xml:32:17-75
60                android:value="androidx.startup" />
60-->[androidx.emoji2:emoji2:1.0.0] AndroidManifest.xml:33:17-49
61            <meta-data
61-->[androidx.lifecycle:lifecycle-process:2.4.0] AndroidManifest.xml:31:13-33:52
62                android:name="androidx.lifecycle.ProcessLifecycleInitializer"
62-->[androidx.lifecycle:lifecycle-process:2.4.0] AndroidManifest.xml:32:17-78
63                android:value="androidx.startup" />
63-->[androidx.lifecycle:lifecycle-process:2.4.0] AndroidManifest.xml:33:17-49
64        </provider>
65    </application>
66
67</manifest>